2019-10-21 10:23:28.300 +05:30 [INF] Configuring web host (AFFHA.API)...
2019-10-21 10:23:30.845 +05:30 [INF] Applying migrations (AFFHA.API)...
2019-10-21 10:23:32.839 +05:30 [INF] Starting web host (AFFHA.API)...
2019-10-21 10:23:33.539 +05:30 [WRN] Failed to determine the https port for redirect.
2019-10-21 10:24:06.539 +05:30 [INF] ----- Sending command: ZonesGetRequest
2019-10-21 12:20:38.178 +05:30 [INF] ----- Sending command: ZonesGetRequest
2019-10-21 12:26:06.146 +05:30 [INF] ----- Sending command: ZonesGetRequest
2019-10-21 14:31:16.437 +05:30 [INF] Configuring web host (AFFHA.API)...
2019-10-21 14:31:17.167 +05:30 [INF] Applying migrations (AFFHA.API)...
2019-10-21 14:31:18.474 +05:30 [INF] Starting web host (AFFHA.API)...
2019-10-21 14:31:18.813 +05:30 [WRN] Failed to determine the https port for redirect.
2019-10-21 15:04:58.502 +05:30 [INF] ----- Sending command: ZonesGetRequest
2019-10-21 15:08:26.567 +05:30 [INF] ----- Sending command: ZonesGetRequest
2019-10-21 15:09:12.523 +05:30 [INF] ----- Sending command: ZonesGetRequest
2019-10-21 15:27:17.630 +05:30 [INF] ----- Sending command: ZonesGetRequest
2019-10-21 15:27:44.604 +05:30 [INF] ----- Sending command: ZonesGetRequest
2019-10-21 15:30:32.822 +05:30 [INF] ----- Sending command: ZonesGetRequest
2019-10-21 16:17:25.079 +05:30 [INF] Configuring web host (AFFHA.API)...
2019-10-21 16:17:26.073 +05:30 [INF] Applying migrations (AFFHA.API)...
2019-10-21 16:17:27.570 +05:30 [INF] Starting web host (AFFHA.API)...
2019-10-21 16:17:28.012 +05:30 [WRN] Failed to determine the https port for redirect.
2019-10-21 16:18:19.101 +05:30 [INF] ----- Sending command: ZonesGetRequest
2019-10-21 16:20:28.550 +05:30 [INF] ----- Sending command: ZonesGetRequest
2019-10-21 16:23:05.639 +05:30 [INF] ----- Sending command: ZonesGetRequest
2019-10-21 16:24:04.583 +05:30 [INF] ----- Sending command: ZonesGetRequest
2019-10-21 16:25:43.778 +05:30 [INF] ----- Sending command: ZonesGetRequest
2019-10-21 16:26:26.337 +05:30 [INF] ----- Sending command: ZonesGetRequest
2019-10-21 16:27:39.134 +05:30 [INF] ----- Sending command: ZonesGetRequest
2019-10-21 16:32:49.412 +05:30 [INF] ----- Sending command: ZonesGetRequest
2019-10-21 16:33:03.471 +05:30 [INF] ----- Sending command: ZonesGetRequest
2019-10-21 16:54:41.147 +05:30 [INF] ----- Sending command: ZonesGetRequest
2019-10-21 16:54:58.000 +05:30 [INF] ----- Sending command: ZonesGetRequest
2019-10-21 17:00:11.687 +05:30 [INF] ----- Sending command: ZonesGetRequest
2019-10-21 17:01:53.216 +05:30 [INF] ----- Sending command: ZonesGetRequest
2019-10-21 17:04:04.362 +05:30 [INF] ----- Sending command: ZonesGetRequest
2019-10-21 17:04:09.927 +05:30 [INF] ----- Sending command: ZonesGetRequest
2019-10-21 17:04:41.552 +05:30 [INF] ----- Sending command: ZonesGetRequest
2019-10-21 17:10:32.676 +05:30 [INF] ----- Sending command: ZonesGetRequest
2019-10-21 17:10:56.956 +05:30 [INF] ----- Sending command: ZonesGetRequest
2019-10-21 17:11:01.281 +05:30 [INF] ----- Sending command: ZonesGetRequest
2019-10-21 17:11:08.989 +05:30 [INF] ----- Sending command: ZonesGetRequest
2019-10-21 17:11:35.381 +05:30 [INF] ----- Sending command: ZonesGetRequest
2019-10-21 17:12:14.691 +05:30 [INF] ----- Sending command: ZonesGetRequest
2019-10-21 17:12:50.529 +05:30 [INF] ----- Sending command: ZonesGetRequest
2019-10-21 17:13:45.022 +05:30 [INF] ----- Sending command: ZonesGetRequest
2019-10-21 17:13:48.434 +05:30 [INF] ----- Sending command: ZonesGetRequest
2019-10-21 17:14:08.785 +05:30 [INF] ----- Sending command: ZonesGetRequest
2019-10-21 17:15:01.823 +05:30 [INF] ----- Sending command: ZonesGetRequest
2019-10-21 17:17:53.723 +05:30 [INF] Configuring web host (AFFHA.API)...
2019-10-21 17:17:54.714 +05:30 [INF] Applying migrations (AFFHA.API)...
2019-10-21 17:17:56.401 +05:30 [INF] Starting web host (AFFHA.API)...
2019-10-21 17:17:56.748 +05:30 [WRN] Failed to determine the https port for redirect.
2019-10-21 17:18:10.215 +05:30 [INF] ----- Sending command: PictureCreateRequest
2019-10-21 17:22:12.149 +05:30 [INF] Configuring web host (AFFHA.API)...
2019-10-21 17:22:12.913 +05:30 [INF] Applying migrations (AFFHA.API)...
2019-10-21 17:22:40.873 +05:30 [INF] Configuring web host (AFFHA.API)...
2019-10-21 17:22:41.612 +05:30 [INF] Applying migrations (AFFHA.API)...
2019-10-21 17:22:42.944 +05:30 [INF] Starting web host (AFFHA.API)...
2019-10-21 17:22:43.243 +05:30 [WRN] Failed to determine the https port for redirect.
2019-10-21 17:23:39.825 +05:30 [INF] ----- Sending command: PictureCreateRequest
2019-10-21 17:25:51.892 +05:30 [INF] Configuring web host (AFFHA.API)...
2019-10-21 17:25:52.539 +05:30 [INF] Applying migrations (AFFHA.API)...
2019-10-21 17:25:53.939 +05:30 [INF] Starting web host (AFFHA.API)...
2019-10-21 17:25:54.234 +05:30 [WRN] Failed to determine the https port for redirect.
2019-10-21 17:25:58.726 +05:30 [INF] ----- Sending command: PictureCreateRequest
2019-10-21 17:28:45.357 +05:30 [INF] ----- Sending command: ZonesGetRequest
2019-10-21 17:29:13.272 +05:30 [INF] ----- Sending command: ZonesGetRequest
2019-10-21 17:29:17.848 +05:30 [INF] ----- Sending command: ZonesGetRequest
2019-10-21 17:29:25.240 +05:30 [INF] ----- Sending command: ZonesGetRequest
2019-10-21 17:30:41.216 +05:30 [INF] ----- Sending command: ZonesGetRequest
2019-10-21 17:30:46.936 +05:30 [INF] ----- Sending command: ZonesGetRequest
2019-10-21 17:30:51.683 +05:30 [INF] ----- Sending command: ZonesGetRequest
2019-10-21 17:32:16.550 +05:30 [INF] ----- Sending command: ZonesGetRequest
2019-10-21 17:32:22.619 +05:30 [INF] ----- Sending command: ZonesGetRequest
