2019-10-18 11:20:51.560 +05:30 [INF] Configuring web host (AFFHA.API)...
2019-10-18 11:20:53.922 +05:30 [INF] Applying migrations (AFFHA.API)...
2019-10-18 11:20:55.993 +05:30 [ERR] Failed executing DbCommand (93ms) [Parameters=[], CommandType='"Text"', CommandTimeout='30']
CREATE TABLE "Applications" (
    "Id" integer NOT NULL GENERATED BY DEFAULT AS IDENTITY,
    "CreatedAt" timestamp with time zone NOT NULL,
    "CreatedBy" text NULL,
    "ModifiedAt" timestamp with time zone NOT NULL,
    "ModifiedBy" text NULL,
    "Name" text NULL,
    "AppId" text NULL,
    "ApiKeySalt" bytea NULL,
    "ApiKeyHash" bytea NULL,
    CONSTRAINT "PK_Applications" PRIMARY KEY ("Id")
);
2019-10-18 11:20:56.041 +05:30 [WRN] Exception PostgresException with message 42P07: relation "Applications" already exists detected on creating or migrating database
Npgsql.PostgresException (0x80004005): 42P07: relation "Applications" already exists
   at Npgsql.NpgsqlConnector.<>c__DisplayClass160_0.<<DoReadMessage>g__ReadMessageLong|0>d.MoveNext()
--- End of stack trace from previous location where exception was thrown ---
   at Npgsql.NpgsqlConnector.<>c__DisplayClass160_0.<<DoReadMessage>g__ReadMessageLong|0>d.MoveNext()
--- End of stack trace from previous location where exception was thrown ---
   at Npgsql.NpgsqlDataReader.NextResult(Boolean async, Boolean isConsuming)
   at Npgsql.NpgsqlDataReader.NextResult()
   at Npgsql.NpgsqlCommand.ExecuteReaderAsync(CommandBehavior behavior, Boolean async, CancellationToken cancellationToken)
   at Npgsql.NpgsqlCommand.ExecuteNonQuery(Boolean async, CancellationToken cancellationToken)
   at Npgsql.NpgsqlCommand.ExecuteNonQuery()
   at Microsoft.EntityFrameworkCore.Storage.RelationalCommand.ExecuteNonQuery(RelationalCommandParameterObject parameterObject)
   at Microsoft.EntityFrameworkCore.Migrations.MigrationCommand.ExecuteNonQuery(IRelationalConnection connection, IReadOnlyDictionary`2 parameterValues)
   at Microsoft.EntityFrameworkCore.Migrations.Internal.MigrationCommandExecutor.ExecuteNonQuery(IEnumerable`1 migrationCommands, IRelationalConnection connection)
   at Microsoft.EntityFrameworkCore.Migrations.Internal.Migrator.Migrate(String targetMigration)
   at AFFHA.API.Infrastructure.DatabaseSeed.AFFHADatabaseSeed.SeedAsync(AFFHADbContext context, IOptions`1 settings, ILogger`1 logger) in C:\Sanni PC\OB\HuntingAPI\Boilerplate\AFFHA.API\AFFHA.API\Infrastructure\DatabaseSeed\AFFHADatabaseSeed.cs:line 27
  Exception data:
    Severity: ERROR
    SqlState: 42P07
    MessageText: relation "Applications" already exists
    File: heap.c
    Line: 1067
    Routine: heap_create_with_catalog
2019-10-18 11:20:56.180 +05:30 [FTL] An error occurred while seeding the database
System.AggregateException: One or more errors occurred. (42P07: relation "Applications" already exists)
 ---> Npgsql.PostgresException (0x80004005): 42P07: relation "Applications" already exists
   at AFFHA.API.Infrastructure.DatabaseSeed.AFFHADatabaseSeed.SeedAsync(AFFHADbContext context, IOptions`1 settings, ILogger`1 logger) in C:\Sanni PC\OB\HuntingAPI\Boilerplate\AFFHA.API\AFFHA.API\Infrastructure\DatabaseSeed\AFFHADatabaseSeed.cs:line 38
  Exception data:
    Severity: ERROR
    SqlState: 42P07
    MessageText: relation "Applications" already exists
    File: heap.c
    Line: 1067
    Routine: heap_create_with_catalog
   --- End of inner exception stack trace ---
   at System.Threading.Tasks.Task.ThrowIfExceptional(Boolean includeTaskCanceledExceptions)
   at System.Threading.Tasks.Task.Wait(Int32 millisecondsTimeout, CancellationToken cancellationToken)
   at System.Threading.Tasks.Task.Wait()
   at AFFHA.API.Program.Main(String[] args) in C:\Sanni PC\OB\HuntingAPI\Boilerplate\AFFHA.API\AFFHA.API\Program.cs:line 46
2019-10-18 11:20:56.181 +05:30 [INF] Starting web host (AFFHA.API)...
2019-10-18 11:20:56.858 +05:30 [WRN] Failed to determine the https port for redirect.
2019-10-18 11:21:47.161 +05:30 [INF] ----- Sending command: PicturesRequest
2019-10-18 11:22:46.920 +05:30 [INF] Configuring web host (AFFHA.API)...
2019-10-18 11:22:47.533 +05:30 [INF] Applying migrations (AFFHA.API)...
2019-10-18 11:22:48.897 +05:30 [ERR] Failed executing DbCommand (19ms) [Parameters=[], CommandType='"Text"', CommandTimeout='30']
CREATE TABLE "Applications" (
    "Id" integer NOT NULL GENERATED BY DEFAULT AS IDENTITY,
    "CreatedAt" timestamp with time zone NOT NULL,
    "CreatedBy" text NULL,
    "ModifiedAt" timestamp with time zone NOT NULL,
    "ModifiedBy" text NULL,
    "Name" text NULL,
    "AppId" text NULL,
    "ApiKeySalt" bytea NULL,
    "ApiKeyHash" bytea NULL,
    CONSTRAINT "PK_Applications" PRIMARY KEY ("Id")
);
2019-10-18 11:22:48.930 +05:30 [WRN] Exception PostgresException with message 42P07: relation "Applications" already exists detected on creating or migrating database
Npgsql.PostgresException (0x80004005): 42P07: relation "Applications" already exists
   at Npgsql.NpgsqlConnector.<>c__DisplayClass160_0.<<DoReadMessage>g__ReadMessageLong|0>d.MoveNext()
--- End of stack trace from previous location where exception was thrown ---
   at Npgsql.NpgsqlConnector.<>c__DisplayClass160_0.<<DoReadMessage>g__ReadMessageLong|0>d.MoveNext()
--- End of stack trace from previous location where exception was thrown ---
   at Npgsql.NpgsqlDataReader.NextResult(Boolean async, Boolean isConsuming)
   at Npgsql.NpgsqlDataReader.NextResult()
   at Npgsql.NpgsqlCommand.ExecuteReaderAsync(CommandBehavior behavior, Boolean async, CancellationToken cancellationToken)
   at Npgsql.NpgsqlCommand.ExecuteNonQuery(Boolean async, CancellationToken cancellationToken)
   at Npgsql.NpgsqlCommand.ExecuteNonQuery()
   at Microsoft.EntityFrameworkCore.Storage.RelationalCommand.ExecuteNonQuery(RelationalCommandParameterObject parameterObject)
   at Microsoft.EntityFrameworkCore.Migrations.MigrationCommand.ExecuteNonQuery(IRelationalConnection connection, IReadOnlyDictionary`2 parameterValues)
   at Microsoft.EntityFrameworkCore.Migrations.Internal.MigrationCommandExecutor.ExecuteNonQuery(IEnumerable`1 migrationCommands, IRelationalConnection connection)
   at Microsoft.EntityFrameworkCore.Migrations.Internal.Migrator.Migrate(String targetMigration)
   at AFFHA.API.Infrastructure.DatabaseSeed.AFFHADatabaseSeed.SeedAsync(AFFHADbContext context, IOptions`1 settings, ILogger`1 logger) in C:\Sanni PC\OB\HuntingAPI\Boilerplate\AFFHA.API\AFFHA.API\Infrastructure\DatabaseSeed\AFFHADatabaseSeed.cs:line 27
  Exception data:
    Severity: ERROR
    SqlState: 42P07
    MessageText: relation "Applications" already exists
    File: heap.c
    Line: 1067
    Routine: heap_create_with_catalog
2019-10-18 11:22:48.999 +05:30 [FTL] An error occurred while seeding the database
System.AggregateException: One or more errors occurred. (42P07: relation "Applications" already exists)
 ---> Npgsql.PostgresException (0x80004005): 42P07: relation "Applications" already exists
   at AFFHA.API.Infrastructure.DatabaseSeed.AFFHADatabaseSeed.SeedAsync(AFFHADbContext context, IOptions`1 settings, ILogger`1 logger) in C:\Sanni PC\OB\HuntingAPI\Boilerplate\AFFHA.API\AFFHA.API\Infrastructure\DatabaseSeed\AFFHADatabaseSeed.cs:line 38
  Exception data:
    Severity: ERROR
    SqlState: 42P07
    MessageText: relation "Applications" already exists
    File: heap.c
    Line: 1067
    Routine: heap_create_with_catalog
   --- End of inner exception stack trace ---
   at System.Threading.Tasks.Task.ThrowIfExceptional(Boolean includeTaskCanceledExceptions)
   at System.Threading.Tasks.Task.Wait(Int32 millisecondsTimeout, CancellationToken cancellationToken)
   at System.Threading.Tasks.Task.Wait()
   at AFFHA.API.Program.Main(String[] args) in C:\Sanni PC\OB\HuntingAPI\Boilerplate\AFFHA.API\AFFHA.API\Program.cs:line 46
2019-10-18 11:22:49.000 +05:30 [INF] Starting web host (AFFHA.API)...
2019-10-18 11:22:49.310 +05:30 [WRN] Failed to determine the https port for redirect.
2019-10-18 11:22:59.876 +05:30 [INF] ----- Sending command: PicturesRequest
2019-10-18 11:23:53.064 +05:30 [INF] Configuring web host (AFFHA.API)...
2019-10-18 11:23:53.757 +05:30 [INF] Applying migrations (AFFHA.API)...
2019-10-18 11:23:55.174 +05:30 [ERR] Failed executing DbCommand (10ms) [Parameters=[], CommandType='"Text"', CommandTimeout='30']
CREATE TABLE "Applications" (
    "Id" integer NOT NULL GENERATED BY DEFAULT AS IDENTITY,
    "CreatedAt" timestamp with time zone NOT NULL,
    "CreatedBy" text NULL,
    "ModifiedAt" timestamp with time zone NOT NULL,
    "ModifiedBy" text NULL,
    "Name" text NULL,
    "AppId" text NULL,
    "ApiKeySalt" bytea NULL,
    "ApiKeyHash" bytea NULL,
    CONSTRAINT "PK_Applications" PRIMARY KEY ("Id")
);
2019-10-18 11:23:55.209 +05:30 [WRN] Exception PostgresException with message 42P07: relation "Applications" already exists detected on creating or migrating database
Npgsql.PostgresException (0x80004005): 42P07: relation "Applications" already exists
   at Npgsql.NpgsqlConnector.<>c__DisplayClass160_0.<<DoReadMessage>g__ReadMessageLong|0>d.MoveNext()
--- End of stack trace from previous location where exception was thrown ---
   at Npgsql.NpgsqlConnector.<>c__DisplayClass160_0.<<DoReadMessage>g__ReadMessageLong|0>d.MoveNext()
--- End of stack trace from previous location where exception was thrown ---
   at Npgsql.NpgsqlDataReader.NextResult(Boolean async, Boolean isConsuming)
   at Npgsql.NpgsqlDataReader.NextResult()
   at Npgsql.NpgsqlCommand.ExecuteReaderAsync(CommandBehavior behavior, Boolean async, CancellationToken cancellationToken)
   at Npgsql.NpgsqlCommand.ExecuteNonQuery(Boolean async, CancellationToken cancellationToken)
   at Npgsql.NpgsqlCommand.ExecuteNonQuery()
   at Microsoft.EntityFrameworkCore.Storage.RelationalCommand.ExecuteNonQuery(RelationalCommandParameterObject parameterObject)
   at Microsoft.EntityFrameworkCore.Migrations.MigrationCommand.ExecuteNonQuery(IRelationalConnection connection, IReadOnlyDictionary`2 parameterValues)
   at Microsoft.EntityFrameworkCore.Migrations.Internal.MigrationCommandExecutor.ExecuteNonQuery(IEnumerable`1 migrationCommands, IRelationalConnection connection)
   at Microsoft.EntityFrameworkCore.Migrations.Internal.Migrator.Migrate(String targetMigration)
   at AFFHA.API.Infrastructure.DatabaseSeed.AFFHADatabaseSeed.SeedAsync(AFFHADbContext context, IOptions`1 settings, ILogger`1 logger) in C:\Sanni PC\OB\HuntingAPI\Boilerplate\AFFHA.API\AFFHA.API\Infrastructure\DatabaseSeed\AFFHADatabaseSeed.cs:line 27
  Exception data:
    Severity: ERROR
    SqlState: 42P07
    MessageText: relation "Applications" already exists
    File: heap.c
    Line: 1067
    Routine: heap_create_with_catalog
2019-10-18 11:23:55.278 +05:30 [FTL] An error occurred while seeding the database
System.AggregateException: One or more errors occurred. (42P07: relation "Applications" already exists)
 ---> Npgsql.PostgresException (0x80004005): 42P07: relation "Applications" already exists
   at AFFHA.API.Infrastructure.DatabaseSeed.AFFHADatabaseSeed.SeedAsync(AFFHADbContext context, IOptions`1 settings, ILogger`1 logger) in C:\Sanni PC\OB\HuntingAPI\Boilerplate\AFFHA.API\AFFHA.API\Infrastructure\DatabaseSeed\AFFHADatabaseSeed.cs:line 38
  Exception data:
    Severity: ERROR
    SqlState: 42P07
    MessageText: relation "Applications" already exists
    File: heap.c
    Line: 1067
    Routine: heap_create_with_catalog
   --- End of inner exception stack trace ---
   at System.Threading.Tasks.Task.ThrowIfExceptional(Boolean includeTaskCanceledExceptions)
   at System.Threading.Tasks.Task.Wait(Int32 millisecondsTimeout, CancellationToken cancellationToken)
   at System.Threading.Tasks.Task.Wait()
   at AFFHA.API.Program.Main(String[] args) in C:\Sanni PC\OB\HuntingAPI\Boilerplate\AFFHA.API\AFFHA.API\Program.cs:line 46
2019-10-18 11:23:55.279 +05:30 [INF] Starting web host (AFFHA.API)...
2019-10-18 11:23:55.607 +05:30 [WRN] Failed to determine the https port for redirect.
2019-10-18 11:24:01.637 +05:30 [INF] ----- Sending command: PicturesRequest
2019-10-18 12:15:53.733 +05:30 [INF] Configuring web host (AFFHA.API)...
2019-10-18 12:15:54.567 +05:30 [INF] Applying migrations (AFFHA.API)...
2019-10-18 12:16:50.172 +05:30 [INF] Configuring web host (AFFHA.API)...
2019-10-18 12:16:50.981 +05:30 [INF] Applying migrations (AFFHA.API)...
2019-10-18 12:16:52.351 +05:30 [ERR] Failed executing DbCommand (25ms) [Parameters=[], CommandType='"Text"', CommandTimeout='30']
CREATE TABLE "Applications" (
    "Id" integer NOT NULL GENERATED BY DEFAULT AS IDENTITY,
    "CreatedAt" timestamp with time zone NOT NULL,
    "CreatedBy" text NULL,
    "ModifiedAt" timestamp with time zone NOT NULL,
    "ModifiedBy" text NULL,
    "Name" text NULL,
    "AppId" text NULL,
    "ApiKeySalt" bytea NULL,
    "ApiKeyHash" bytea NULL,
    CONSTRAINT "PK_Applications" PRIMARY KEY ("Id")
);
2019-10-18 12:16:52.390 +05:30 [WRN] Exception PostgresException with message 42P07: relation "Applications" already exists detected on creating or migrating database
Npgsql.PostgresException (0x80004005): 42P07: relation "Applications" already exists
   at Npgsql.NpgsqlConnector.<>c__DisplayClass160_0.<<DoReadMessage>g__ReadMessageLong|0>d.MoveNext()
--- End of stack trace from previous location where exception was thrown ---
   at Npgsql.NpgsqlConnector.<>c__DisplayClass160_0.<<DoReadMessage>g__ReadMessageLong|0>d.MoveNext()
--- End of stack trace from previous location where exception was thrown ---
   at Npgsql.NpgsqlDataReader.NextResult(Boolean async, Boolean isConsuming)
   at Npgsql.NpgsqlDataReader.NextResult()
   at Npgsql.NpgsqlCommand.ExecuteReaderAsync(CommandBehavior behavior, Boolean async, CancellationToken cancellationToken)
   at Npgsql.NpgsqlCommand.ExecuteNonQuery(Boolean async, CancellationToken cancellationToken)
   at Npgsql.NpgsqlCommand.ExecuteNonQuery()
   at Microsoft.EntityFrameworkCore.Storage.RelationalCommand.ExecuteNonQuery(RelationalCommandParameterObject parameterObject)
   at Microsoft.EntityFrameworkCore.Migrations.MigrationCommand.ExecuteNonQuery(IRelationalConnection connection, IReadOnlyDictionary`2 parameterValues)
   at Microsoft.EntityFrameworkCore.Migrations.Internal.MigrationCommandExecutor.ExecuteNonQuery(IEnumerable`1 migrationCommands, IRelationalConnection connection)
   at Microsoft.EntityFrameworkCore.Migrations.Internal.Migrator.Migrate(String targetMigration)
   at AFFHA.API.Infrastructure.DatabaseSeed.AFFHADatabaseSeed.SeedAsync(AFFHADbContext context, IOptions`1 settings, ILogger`1 logger) in C:\Sanni PC\OB\HuntingAPI\Boilerplate\AFFHA.API\AFFHA.API\Infrastructure\DatabaseSeed\AFFHADatabaseSeed.cs:line 27
  Exception data:
    Severity: ERROR
    SqlState: 42P07
    MessageText: relation "Applications" already exists
    File: heap.c
    Line: 1067
    Routine: heap_create_with_catalog
2019-10-18 12:16:52.458 +05:30 [FTL] An error occurred while seeding the database
System.AggregateException: One or more errors occurred. (42P07: relation "Applications" already exists)
 ---> Npgsql.PostgresException (0x80004005): 42P07: relation "Applications" already exists
   at AFFHA.API.Infrastructure.DatabaseSeed.AFFHADatabaseSeed.SeedAsync(AFFHADbContext context, IOptions`1 settings, ILogger`1 logger) in C:\Sanni PC\OB\HuntingAPI\Boilerplate\AFFHA.API\AFFHA.API\Infrastructure\DatabaseSeed\AFFHADatabaseSeed.cs:line 38
  Exception data:
    Severity: ERROR
    SqlState: 42P07
    MessageText: relation "Applications" already exists
    File: heap.c
    Line: 1067
    Routine: heap_create_with_catalog
   --- End of inner exception stack trace ---
   at System.Threading.Tasks.Task.ThrowIfExceptional(Boolean includeTaskCanceledExceptions)
   at System.Threading.Tasks.Task.Wait(Int32 millisecondsTimeout, CancellationToken cancellationToken)
   at System.Threading.Tasks.Task.Wait()
   at AFFHA.API.Program.Main(String[] args) in C:\Sanni PC\OB\HuntingAPI\Boilerplate\AFFHA.API\AFFHA.API\Program.cs:line 46
2019-10-18 12:16:52.459 +05:30 [INF] Starting web host (AFFHA.API)...
2019-10-18 12:16:52.778 +05:30 [WRN] Failed to determine the https port for redirect.
2019-10-18 13:05:44.104 +05:30 [INF] ----- Sending command: PicturesRequest
2019-10-18 13:05:58.644 +05:30 [ERR] Failed executing DbCommand (21ms) [Parameters=[@p0='?' (DbType = Binary), @p1='?' (DbType = DateTimeOffset), @p2='?', @p3='?' (DbType = DateTimeOffset), @p4='?', @p5='?', @p6='?' (DbType = Int32), @p7='?' (DbType = Binary), @p8='?' (DbType = DateTimeOffset), @p9='?', @p10='?' (DbType = DateTimeOffset), @p11='?', @p12='?', @p13='?' (DbType = Int32)], CommandType='"Text"', CommandTimeout='30']
INSERT INTO "Pictures" ("BinaryData", "CreatedAt", "CreatedBy", "ModifiedAt", "ModifiedBy", "Name", "ZoneId")
VALUES (@p0, @p1, @p2, @p3, @p4, @p5, @p6)
RETURNING "Id";
INSERT INTO "Pictures" ("BinaryData", "CreatedAt", "CreatedBy", "ModifiedAt", "ModifiedBy", "Name", "ZoneId")
VALUES (@p7, @p8, @p9, @p10, @p11, @p12, @p13)
RETURNING "Id";
2019-10-18 13:05:58.678 +05:30 [ERR] An exception occurred in the database while saving changes for context type 'AFFHA.Infrastructure.AFFHADbContext'.
Microsoft.EntityFrameworkCore.DbUpdateException: An error occurred while updating the entries. See the inner exception for details.
 ---> Npgsql.PostgresException (0x80004005): 42804: column "BinaryData" is of type smallint but expression is of type bytea
   at Npgsql.NpgsqlConnector.<>c__DisplayClass160_0.<<DoReadMessage>g__ReadMessageLong|0>d.MoveNext()
--- End of stack trace from previous location where exception was thrown ---
   at Npgsql.NpgsqlConnector.<>c__DisplayClass160_0.<<DoReadMessage>g__ReadMessageLong|0>d.MoveNext()
--- End of stack trace from previous location where exception was thrown ---
   at Npgsql.NpgsqlDataReader.NextResult(Boolean async, Boolean isConsuming)
   at Npgsql.NpgsqlCommand.ExecuteReaderAsync(CommandBehavior behavior, Boolean async, CancellationToken cancellationToken)
   at Npgsql.NpgsqlCommand.ExecuteDbDataReaderAsync(CommandBehavior behavior, CancellationToken cancellationToken)
   at Microsoft.EntityFrameworkCore.Storage.RelationalCommand.ExecuteReaderAsync(RelationalCommandParameterObject parameterObject, CancellationToken cancellationToken)
   at Microsoft.EntityFrameworkCore.Storage.RelationalCommand.ExecuteReaderAsync(RelationalCommandParameterObject parameterObject, CancellationToken cancellationToken)
   at Microsoft.EntityFrameworkCore.Storage.RelationalCommand.ExecuteReaderAsync(RelationalCommandParameterObject parameterObject, CancellationToken cancellationToken)
   at Microsoft.EntityFrameworkCore.Update.ReaderModificationCommandBatch.ExecuteAsync(IRelationalConnection connection, CancellationToken cancellationToken)
  Exception data:
    Severity: ERROR
    SqlState: 42804
    MessageText: column "BinaryData" is of type smallint but expression is of type bytea
    Hint: You will need to rewrite or cast the expression.
    Position: 120
    File: parse_target.c
    Line: 591
    Routine: transformAssignedExpr
   --- End of inner exception stack trace ---
   at Microsoft.EntityFrameworkCore.Update.ReaderModificationCommandBatch.ExecuteAsync(IRelationalConnection connection, CancellationToken cancellationToken)
   at Microsoft.EntityFrameworkCore.Update.Internal.BatchExecutor.ExecuteAsync(DbContext _, ValueTuple`2 parameters, CancellationToken cancellationToken)
   at Microsoft.EntityFrameworkCore.Update.Internal.BatchExecutor.ExecuteAsync(DbContext _, ValueTuple`2 parameters, CancellationToken cancellationToken)
   at Microsoft.EntityFrameworkCore.Storage.ExecutionStrategy.ExecuteImplementationAsync[TState,TResult](Func`4 operation, Func`4 verifySucceeded, TState state, CancellationToken cancellationToken)
   at Microsoft.EntityFrameworkCore.Storage.ExecutionStrategy.ExecuteImplementationAsync[TState,TResult](Func`4 operation, Func`4 verifySucceeded, TState state, CancellationToken cancellationToken)
   at Microsoft.EntityFrameworkCore.ChangeTracking.Internal.StateManager.SaveChangesAsync(IList`1 entriesToSave, CancellationToken cancellationToken)
   at Microsoft.EntityFrameworkCore.ChangeTracking.Internal.StateManager.SaveChangesAsync(Boolean acceptAllChangesOnSuccess, CancellationToken cancellationToken)
   at Microsoft.EntityFrameworkCore.DbContext.SaveChangesAsync(Boolean acceptAllChangesOnSuccess, CancellationToken cancellationToken)
Microsoft.EntityFrameworkCore.DbUpdateException: An error occurred while updating the entries. See the inner exception for details.
 ---> Npgsql.PostgresException (0x80004005): 42804: column "BinaryData" is of type smallint but expression is of type bytea
   at Npgsql.NpgsqlConnector.<>c__DisplayClass160_0.<<DoReadMessage>g__ReadMessageLong|0>d.MoveNext()
--- End of stack trace from previous location where exception was thrown ---
   at Npgsql.NpgsqlConnector.<>c__DisplayClass160_0.<<DoReadMessage>g__ReadMessageLong|0>d.MoveNext()
--- End of stack trace from previous location where exception was thrown ---
   at Npgsql.NpgsqlDataReader.NextResult(Boolean async, Boolean isConsuming)
   at Npgsql.NpgsqlCommand.ExecuteReaderAsync(CommandBehavior behavior, Boolean async, CancellationToken cancellationToken)
   at Npgsql.NpgsqlCommand.ExecuteDbDataReaderAsync(CommandBehavior behavior, CancellationToken cancellationToken)
   at Microsoft.EntityFrameworkCore.Storage.RelationalCommand.ExecuteReaderAsync(RelationalCommandParameterObject parameterObject, CancellationToken cancellationToken)
   at Microsoft.EntityFrameworkCore.Storage.RelationalCommand.ExecuteReaderAsync(RelationalCommandParameterObject parameterObject, CancellationToken cancellationToken)
   at Microsoft.EntityFrameworkCore.Storage.RelationalCommand.ExecuteReaderAsync(RelationalCommandParameterObject parameterObject, CancellationToken cancellationToken)
   at Microsoft.EntityFrameworkCore.Update.ReaderModificationCommandBatch.ExecuteAsync(IRelationalConnection connection, CancellationToken cancellationToken)
  Exception data:
    Severity: ERROR
    SqlState: 42804
    MessageText: column "BinaryData" is of type smallint but expression is of type bytea
    Hint: You will need to rewrite or cast the expression.
    Position: 120
    File: parse_target.c
    Line: 591
    Routine: transformAssignedExpr
   --- End of inner exception stack trace ---
   at Microsoft.EntityFrameworkCore.Update.ReaderModificationCommandBatch.ExecuteAsync(IRelationalConnection connection, CancellationToken cancellationToken)
   at Microsoft.EntityFrameworkCore.Update.Internal.BatchExecutor.ExecuteAsync(DbContext _, ValueTuple`2 parameters, CancellationToken cancellationToken)
   at Microsoft.EntityFrameworkCore.Update.Internal.BatchExecutor.ExecuteAsync(DbContext _, ValueTuple`2 parameters, CancellationToken cancellationToken)
   at Microsoft.EntityFrameworkCore.Storage.ExecutionStrategy.ExecuteImplementationAsync[TState,TResult](Func`4 operation, Func`4 verifySucceeded, TState state, CancellationToken cancellationToken)
   at Microsoft.EntityFrameworkCore.Storage.ExecutionStrategy.ExecuteImplementationAsync[TState,TResult](Func`4 operation, Func`4 verifySucceeded, TState state, CancellationToken cancellationToken)
   at Microsoft.EntityFrameworkCore.ChangeTracking.Internal.StateManager.SaveChangesAsync(IList`1 entriesToSave, CancellationToken cancellationToken)
   at Microsoft.EntityFrameworkCore.ChangeTracking.Internal.StateManager.SaveChangesAsync(Boolean acceptAllChangesOnSuccess, CancellationToken cancellationToken)
   at Microsoft.EntityFrameworkCore.DbContext.SaveChangesAsync(Boolean acceptAllChangesOnSuccess, CancellationToken cancellationToken)
2019-10-18 13:09:17.375 +05:30 [INF] ----- Sending command: PicturesRequest
2019-10-18 13:21:37.406 +05:30 [INF] Configuring web host (AFFHA.API)...
2019-10-18 13:21:38.220 +05:30 [INF] Applying migrations (AFFHA.API)...
2019-10-18 13:21:42.538 +05:30 [INF] Starting web host (AFFHA.API)...
2019-10-18 13:21:42.861 +05:30 [WRN] Failed to determine the https port for redirect.
2019-10-18 13:23:11.654 +05:30 [INF] ----- Sending command: PicturesRequest
2019-10-18 13:23:23.249 +05:30 [ERR] Failed executing DbCommand (65ms) [Parameters=[@p0='?' (DbType = Binary), @p1='?' (DbType = DateTimeOffset), @p2='?', @p3='?' (DbType = DateTimeOffset), @p4='?', @p5='?', @p6='?' (DbType = Int32), @p7='?' (DbType = Binary), @p8='?' (DbType = DateTimeOffset), @p9='?', @p10='?' (DbType = DateTimeOffset), @p11='?', @p12='?', @p13='?' (DbType = Int32)], CommandType='"Text"', CommandTimeout='30']
INSERT INTO "Pictures" ("BinaryData", "CreatedAt", "CreatedBy", "ModifiedAt", "ModifiedBy", "Name", "ZoneId")
VALUES (@p0, @p1, @p2, @p3, @p4, @p5, @p6)
RETURNING "Id";
INSERT INTO "Pictures" ("BinaryData", "CreatedAt", "CreatedBy", "ModifiedAt", "ModifiedBy", "Name", "ZoneId")
VALUES (@p7, @p8, @p9, @p10, @p11, @p12, @p13)
RETURNING "Id";
2019-10-18 13:23:23.308 +05:30 [ERR] An exception occurred in the database while saving changes for context type 'AFFHA.Infrastructure.AFFHADbContext'.
Microsoft.EntityFrameworkCore.DbUpdateException: An error occurred while updating the entries. See the inner exception for details.
 ---> Npgsql.PostgresException (0x80004005): 23503: insert or update on table "Pictures" violates foreign key constraint "FK_Pictures_Zones_ZoneId"
   at Npgsql.NpgsqlConnector.<>c__DisplayClass160_0.<<DoReadMessage>g__ReadMessageLong|0>d.MoveNext()
--- End of stack trace from previous location where exception was thrown ---
   at Npgsql.NpgsqlConnector.<>c__DisplayClass160_0.<<DoReadMessage>g__ReadMessageLong|0>d.MoveNext()
--- End of stack trace from previous location where exception was thrown ---
   at Npgsql.NpgsqlDataReader.NextResult(Boolean async, Boolean isConsuming)
   at Npgsql.NpgsqlCommand.ExecuteReaderAsync(CommandBehavior behavior, Boolean async, CancellationToken cancellationToken)
   at Npgsql.NpgsqlCommand.ExecuteDbDataReaderAsync(CommandBehavior behavior, CancellationToken cancellationToken)
   at Microsoft.EntityFrameworkCore.Storage.RelationalCommand.ExecuteReaderAsync(RelationalCommandParameterObject parameterObject, CancellationToken cancellationToken)
   at Microsoft.EntityFrameworkCore.Storage.RelationalCommand.ExecuteReaderAsync(RelationalCommandParameterObject parameterObject, CancellationToken cancellationToken)
   at Microsoft.EntityFrameworkCore.Storage.RelationalCommand.ExecuteReaderAsync(RelationalCommandParameterObject parameterObject, CancellationToken cancellationToken)
   at Microsoft.EntityFrameworkCore.Update.ReaderModificationCommandBatch.ExecuteAsync(IRelationalConnection connection, CancellationToken cancellationToken)
  Exception data:
    Severity: ERROR
    SqlState: 23503
    MessageText: insert or update on table "Pictures" violates foreign key constraint "FK_Pictures_Zones_ZoneId"
    Detail: Key (ZoneId)=(1) is not present in table "Zones".
    SchemaName: public
    TableName: Pictures
    ConstraintName: FK_Pictures_Zones_ZoneId
    File: ri_triggers.c
    Line: 3266
    Routine: ri_ReportViolation
   --- End of inner exception stack trace ---
   at Microsoft.EntityFrameworkCore.Update.ReaderModificationCommandBatch.ExecuteAsync(IRelationalConnection connection, CancellationToken cancellationToken)
   at Microsoft.EntityFrameworkCore.Update.Internal.BatchExecutor.ExecuteAsync(DbContext _, ValueTuple`2 parameters, CancellationToken cancellationToken)
   at Microsoft.EntityFrameworkCore.Update.Internal.BatchExecutor.ExecuteAsync(DbContext _, ValueTuple`2 parameters, CancellationToken cancellationToken)
   at Microsoft.EntityFrameworkCore.Storage.ExecutionStrategy.ExecuteImplementationAsync[TState,TResult](Func`4 operation, Func`4 verifySucceeded, TState state, CancellationToken cancellationToken)
   at Microsoft.EntityFrameworkCore.Storage.ExecutionStrategy.ExecuteImplementationAsync[TState,TResult](Func`4 operation, Func`4 verifySucceeded, TState state, CancellationToken cancellationToken)
   at Microsoft.EntityFrameworkCore.ChangeTracking.Internal.StateManager.SaveChangesAsync(IList`1 entriesToSave, CancellationToken cancellationToken)
   at Microsoft.EntityFrameworkCore.ChangeTracking.Internal.StateManager.SaveChangesAsync(Boolean acceptAllChangesOnSuccess, CancellationToken cancellationToken)
   at Microsoft.EntityFrameworkCore.DbContext.SaveChangesAsync(Boolean acceptAllChangesOnSuccess, CancellationToken cancellationToken)
Microsoft.EntityFrameworkCore.DbUpdateException: An error occurred while updating the entries. See the inner exception for details.
 ---> Npgsql.PostgresException (0x80004005): 23503: insert or update on table "Pictures" violates foreign key constraint "FK_Pictures_Zones_ZoneId"
   at Npgsql.NpgsqlConnector.<>c__DisplayClass160_0.<<DoReadMessage>g__ReadMessageLong|0>d.MoveNext()
--- End of stack trace from previous location where exception was thrown ---
   at Npgsql.NpgsqlConnector.<>c__DisplayClass160_0.<<DoReadMessage>g__ReadMessageLong|0>d.MoveNext()
--- End of stack trace from previous location where exception was thrown ---
   at Npgsql.NpgsqlDataReader.NextResult(Boolean async, Boolean isConsuming)
   at Npgsql.NpgsqlCommand.ExecuteReaderAsync(CommandBehavior behavior, Boolean async, CancellationToken cancellationToken)
   at Npgsql.NpgsqlCommand.ExecuteDbDataReaderAsync(CommandBehavior behavior, CancellationToken cancellationToken)
   at Microsoft.EntityFrameworkCore.Storage.RelationalCommand.ExecuteReaderAsync(RelationalCommandParameterObject parameterObject, CancellationToken cancellationToken)
   at Microsoft.EntityFrameworkCore.Storage.RelationalCommand.ExecuteReaderAsync(RelationalCommandParameterObject parameterObject, CancellationToken cancellationToken)
   at Microsoft.EntityFrameworkCore.Storage.RelationalCommand.ExecuteReaderAsync(RelationalCommandParameterObject parameterObject, CancellationToken cancellationToken)
   at Microsoft.EntityFrameworkCore.Update.ReaderModificationCommandBatch.ExecuteAsync(IRelationalConnection connection, CancellationToken cancellationToken)
  Exception data:
    Severity: ERROR
    SqlState: 23503
    MessageText: insert or update on table "Pictures" violates foreign key constraint "FK_Pictures_Zones_ZoneId"
    Detail: Key (ZoneId)=(1) is not present in table "Zones".
    SchemaName: public
    TableName: Pictures
    ConstraintName: FK_Pictures_Zones_ZoneId
    File: ri_triggers.c
    Line: 3266
    Routine: ri_ReportViolation
   --- End of inner exception stack trace ---
   at Microsoft.EntityFrameworkCore.Update.ReaderModificationCommandBatch.ExecuteAsync(IRelationalConnection connection, CancellationToken cancellationToken)
   at Microsoft.EntityFrameworkCore.Update.Internal.BatchExecutor.ExecuteAsync(DbContext _, ValueTuple`2 parameters, CancellationToken cancellationToken)
   at Microsoft.EntityFrameworkCore.Update.Internal.BatchExecutor.ExecuteAsync(DbContext _, ValueTuple`2 parameters, CancellationToken cancellationToken)
   at Microsoft.EntityFrameworkCore.Storage.ExecutionStrategy.ExecuteImplementationAsync[TState,TResult](Func`4 operation, Func`4 verifySucceeded, TState state, CancellationToken cancellationToken)
   at Microsoft.EntityFrameworkCore.Storage.ExecutionStrategy.ExecuteImplementationAsync[TState,TResult](Func`4 operation, Func`4 verifySucceeded, TState state, CancellationToken cancellationToken)
   at Microsoft.EntityFrameworkCore.ChangeTracking.Internal.StateManager.SaveChangesAsync(IList`1 entriesToSave, CancellationToken cancellationToken)
   at Microsoft.EntityFrameworkCore.ChangeTracking.Internal.StateManager.SaveChangesAsync(Boolean acceptAllChangesOnSuccess, CancellationToken cancellationToken)
   at Microsoft.EntityFrameworkCore.DbContext.SaveChangesAsync(Boolean acceptAllChangesOnSuccess, CancellationToken cancellationToken)
2019-10-18 13:23:32.543 +05:30 [INF] ----- Sending command: PicturesRequest
2019-10-18 13:24:53.405 +05:30 [INF] Configuring web host (AFFHA.API)...
2019-10-18 13:24:54.162 +05:30 [INF] Applying migrations (AFFHA.API)...
2019-10-18 13:24:55.546 +05:30 [INF] Starting web host (AFFHA.API)...
2019-10-18 13:24:55.887 +05:30 [WRN] Failed to determine the https port for redirect.
2019-10-18 13:25:01.022 +05:30 [INF] ----- Sending command: PicturesRequest
2019-10-18 13:25:05.946 +05:30 [ERR] Failed executing DbCommand (28ms) [Parameters=[@p0='?' (DbType = Binary), @p1='?' (DbType = DateTimeOffset), @p2='?', @p3='?' (DbType = DateTimeOffset), @p4='?', @p5='?', @p6='?' (DbType = Int32), @p7='?' (DbType = Binary), @p8='?' (DbType = DateTimeOffset), @p9='?', @p10='?' (DbType = DateTimeOffset), @p11='?', @p12='?', @p13='?' (DbType = Int32)], CommandType='"Text"', CommandTimeout='30']
INSERT INTO "Pictures" ("BinaryData", "CreatedAt", "CreatedBy", "ModifiedAt", "ModifiedBy", "Name", "ZoneId")
VALUES (@p0, @p1, @p2, @p3, @p4, @p5, @p6)
RETURNING "Id";
INSERT INTO "Pictures" ("BinaryData", "CreatedAt", "CreatedBy", "ModifiedAt", "ModifiedBy", "Name", "ZoneId")
VALUES (@p7, @p8, @p9, @p10, @p11, @p12, @p13)
RETURNING "Id";
2019-10-18 13:25:06.011 +05:30 [ERR] An exception occurred in the database while saving changes for context type 'AFFHA.Infrastructure.AFFHADbContext'.
Microsoft.EntityFrameworkCore.DbUpdateException: An error occurred while updating the entries. See the inner exception for details.
 ---> Npgsql.PostgresException (0x80004005): 23503: insert or update on table "Pictures" violates foreign key constraint "FK_Pictures_Zones_ZoneId"
   at Npgsql.NpgsqlConnector.<>c__DisplayClass160_0.<<DoReadMessage>g__ReadMessageLong|0>d.MoveNext()
--- End of stack trace from previous location where exception was thrown ---
   at Npgsql.NpgsqlConnector.<>c__DisplayClass160_0.<<DoReadMessage>g__ReadMessageLong|0>d.MoveNext()
--- End of stack trace from previous location where exception was thrown ---
   at Npgsql.NpgsqlDataReader.NextResult(Boolean async, Boolean isConsuming)
   at Npgsql.NpgsqlCommand.ExecuteReaderAsync(CommandBehavior behavior, Boolean async, CancellationToken cancellationToken)
   at Npgsql.NpgsqlCommand.ExecuteDbDataReaderAsync(CommandBehavior behavior, CancellationToken cancellationToken)
   at Microsoft.EntityFrameworkCore.Storage.RelationalCommand.ExecuteReaderAsync(RelationalCommandParameterObject parameterObject, CancellationToken cancellationToken)
   at Microsoft.EntityFrameworkCore.Storage.RelationalCommand.ExecuteReaderAsync(RelationalCommandParameterObject parameterObject, CancellationToken cancellationToken)
   at Microsoft.EntityFrameworkCore.Storage.RelationalCommand.ExecuteReaderAsync(RelationalCommandParameterObject parameterObject, CancellationToken cancellationToken)
   at Microsoft.EntityFrameworkCore.Update.ReaderModificationCommandBatch.ExecuteAsync(IRelationalConnection connection, CancellationToken cancellationToken)
  Exception data:
    Severity: ERROR
    SqlState: 23503
    MessageText: insert or update on table "Pictures" violates foreign key constraint "FK_Pictures_Zones_ZoneId"
    Detail: Key (ZoneId)=(1) is not present in table "Zones".
    SchemaName: public
    TableName: Pictures
    ConstraintName: FK_Pictures_Zones_ZoneId
    File: ri_triggers.c
    Line: 3266
    Routine: ri_ReportViolation
   --- End of inner exception stack trace ---
   at Microsoft.EntityFrameworkCore.Update.ReaderModificationCommandBatch.ExecuteAsync(IRelationalConnection connection, CancellationToken cancellationToken)
   at Microsoft.EntityFrameworkCore.Update.Internal.BatchExecutor.ExecuteAsync(DbContext _, ValueTuple`2 parameters, CancellationToken cancellationToken)
   at Microsoft.EntityFrameworkCore.Update.Internal.BatchExecutor.ExecuteAsync(DbContext _, ValueTuple`2 parameters, CancellationToken cancellationToken)
   at Microsoft.EntityFrameworkCore.Storage.ExecutionStrategy.ExecuteImplementationAsync[TState,TResult](Func`4 operation, Func`4 verifySucceeded, TState state, CancellationToken cancellationToken)
   at Microsoft.EntityFrameworkCore.Storage.ExecutionStrategy.ExecuteImplementationAsync[TState,TResult](Func`4 operation, Func`4 verifySucceeded, TState state, CancellationToken cancellationToken)
   at Microsoft.EntityFrameworkCore.ChangeTracking.Internal.StateManager.SaveChangesAsync(IList`1 entriesToSave, CancellationToken cancellationToken)
   at Microsoft.EntityFrameworkCore.ChangeTracking.Internal.StateManager.SaveChangesAsync(Boolean acceptAllChangesOnSuccess, CancellationToken cancellationToken)
   at Microsoft.EntityFrameworkCore.DbContext.SaveChangesAsync(Boolean acceptAllChangesOnSuccess, CancellationToken cancellationToken)
Microsoft.EntityFrameworkCore.DbUpdateException: An error occurred while updating the entries. See the inner exception for details.
 ---> Npgsql.PostgresException (0x80004005): 23503: insert or update on table "Pictures" violates foreign key constraint "FK_Pictures_Zones_ZoneId"
   at Npgsql.NpgsqlConnector.<>c__DisplayClass160_0.<<DoReadMessage>g__ReadMessageLong|0>d.MoveNext()
--- End of stack trace from previous location where exception was thrown ---
   at Npgsql.NpgsqlConnector.<>c__DisplayClass160_0.<<DoReadMessage>g__ReadMessageLong|0>d.MoveNext()
--- End of stack trace from previous location where exception was thrown ---
   at Npgsql.NpgsqlDataReader.NextResult(Boolean async, Boolean isConsuming)
   at Npgsql.NpgsqlCommand.ExecuteReaderAsync(CommandBehavior behavior, Boolean async, CancellationToken cancellationToken)
   at Npgsql.NpgsqlCommand.ExecuteDbDataReaderAsync(CommandBehavior behavior, CancellationToken cancellationToken)
   at Microsoft.EntityFrameworkCore.Storage.RelationalCommand.ExecuteReaderAsync(RelationalCommandParameterObject parameterObject, CancellationToken cancellationToken)
   at Microsoft.EntityFrameworkCore.Storage.RelationalCommand.ExecuteReaderAsync(RelationalCommandParameterObject parameterObject, CancellationToken cancellationToken)
   at Microsoft.EntityFrameworkCore.Storage.RelationalCommand.ExecuteReaderAsync(RelationalCommandParameterObject parameterObject, CancellationToken cancellationToken)
   at Microsoft.EntityFrameworkCore.Update.ReaderModificationCommandBatch.ExecuteAsync(IRelationalConnection connection, CancellationToken cancellationToken)
  Exception data:
    Severity: ERROR
    SqlState: 23503
    MessageText: insert or update on table "Pictures" violates foreign key constraint "FK_Pictures_Zones_ZoneId"
    Detail: Key (ZoneId)=(1) is not present in table "Zones".
    SchemaName: public
    TableName: Pictures
    ConstraintName: FK_Pictures_Zones_ZoneId
    File: ri_triggers.c
    Line: 3266
    Routine: ri_ReportViolation
   --- End of inner exception stack trace ---
   at Microsoft.EntityFrameworkCore.Update.ReaderModificationCommandBatch.ExecuteAsync(IRelationalConnection connection, CancellationToken cancellationToken)
   at Microsoft.EntityFrameworkCore.Update.Internal.BatchExecutor.ExecuteAsync(DbContext _, ValueTuple`2 parameters, CancellationToken cancellationToken)
   at Microsoft.EntityFrameworkCore.Update.Internal.BatchExecutor.ExecuteAsync(DbContext _, ValueTuple`2 parameters, CancellationToken cancellationToken)
   at Microsoft.EntityFrameworkCore.Storage.ExecutionStrategy.ExecuteImplementationAsync[TState,TResult](Func`4 operation, Func`4 verifySucceeded, TState state, CancellationToken cancellationToken)
   at Microsoft.EntityFrameworkCore.Storage.ExecutionStrategy.ExecuteImplementationAsync[TState,TResult](Func`4 operation, Func`4 verifySucceeded, TState state, CancellationToken cancellationToken)
   at Microsoft.EntityFrameworkCore.ChangeTracking.Internal.StateManager.SaveChangesAsync(IList`1 entriesToSave, CancellationToken cancellationToken)
   at Microsoft.EntityFrameworkCore.ChangeTracking.Internal.StateManager.SaveChangesAsync(Boolean acceptAllChangesOnSuccess, CancellationToken cancellationToken)
   at Microsoft.EntityFrameworkCore.DbContext.SaveChangesAsync(Boolean acceptAllChangesOnSuccess, CancellationToken cancellationToken)
2019-10-18 13:25:11.757 +05:30 [INF] ----- Sending command: PicturesRequest
2019-10-18 13:25:28.491 +05:30 [ERR] Failed executing DbCommand (3,400ms) [Parameters=[@p0='?' (DbType = Binary), @p1='?' (DbType = DateTimeOffset), @p2='?', @p3='?' (DbType = DateTimeOffset), @p4='?', @p5='?', @p6='?' (DbType = Int32), @p7='?' (DbType = Binary), @p8='?' (DbType = DateTimeOffset), @p9='?', @p10='?' (DbType = DateTimeOffset), @p11='?', @p12='?', @p13='?' (DbType = Int32)], CommandType='"Text"', CommandTimeout='30']
INSERT INTO "Pictures" ("BinaryData", "CreatedAt", "CreatedBy", "ModifiedAt", "ModifiedBy", "Name", "ZoneId")
VALUES (@p0, @p1, @p2, @p3, @p4, @p5, @p6)
RETURNING "Id";
INSERT INTO "Pictures" ("BinaryData", "CreatedAt", "CreatedBy", "ModifiedAt", "ModifiedBy", "Name", "ZoneId")
VALUES (@p7, @p8, @p9, @p10, @p11, @p12, @p13)
RETURNING "Id";
2019-10-18 13:25:28.500 +05:30 [ERR] An exception occurred in the database while saving changes for context type 'AFFHA.Infrastructure.AFFHADbContext'.
Microsoft.EntityFrameworkCore.DbUpdateException: An error occurred while updating the entries. See the inner exception for details.
 ---> Npgsql.PostgresException (0x80004005): 23503: insert or update on table "Pictures" violates foreign key constraint "FK_Pictures_Zones_ZoneId"
   at Npgsql.NpgsqlConnector.<>c__DisplayClass160_0.<<DoReadMessage>g__ReadMessageLong|0>d.MoveNext()
--- End of stack trace from previous location where exception was thrown ---
   at Npgsql.NpgsqlConnector.<>c__DisplayClass160_0.<<DoReadMessage>g__ReadMessageLong|0>d.MoveNext()
--- End of stack trace from previous location where exception was thrown ---
   at Npgsql.NpgsqlDataReader.NextResult(Boolean async, Boolean isConsuming)
   at Npgsql.NpgsqlCommand.ExecuteReaderAsync(CommandBehavior behavior, Boolean async, CancellationToken cancellationToken)
   at Npgsql.NpgsqlCommand.ExecuteDbDataReaderAsync(CommandBehavior behavior, CancellationToken cancellationToken)
   at Microsoft.EntityFrameworkCore.Storage.RelationalCommand.ExecuteReaderAsync(RelationalCommandParameterObject parameterObject, CancellationToken cancellationToken)
   at Microsoft.EntityFrameworkCore.Storage.RelationalCommand.ExecuteReaderAsync(RelationalCommandParameterObject parameterObject, CancellationToken cancellationToken)
   at Microsoft.EntityFrameworkCore.Storage.RelationalCommand.ExecuteReaderAsync(RelationalCommandParameterObject parameterObject, CancellationToken cancellationToken)
   at Microsoft.EntityFrameworkCore.Update.ReaderModificationCommandBatch.ExecuteAsync(IRelationalConnection connection, CancellationToken cancellationToken)
  Exception data:
    Severity: ERROR
    SqlState: 23503
    MessageText: insert or update on table "Pictures" violates foreign key constraint "FK_Pictures_Zones_ZoneId"
    Detail: Key (ZoneId)=(1) is not present in table "Zones".
    SchemaName: public
    TableName: Pictures
    ConstraintName: FK_Pictures_Zones_ZoneId
    File: ri_triggers.c
    Line: 3266
    Routine: ri_ReportViolation
   --- End of inner exception stack trace ---
   at Microsoft.EntityFrameworkCore.Update.ReaderModificationCommandBatch.ExecuteAsync(IRelationalConnection connection, CancellationToken cancellationToken)
   at Microsoft.EntityFrameworkCore.Update.Internal.BatchExecutor.ExecuteAsync(DbContext _, ValueTuple`2 parameters, CancellationToken cancellationToken)
   at Microsoft.EntityFrameworkCore.Update.Internal.BatchExecutor.ExecuteAsync(DbContext _, ValueTuple`2 parameters, CancellationToken cancellationToken)
   at Microsoft.EntityFrameworkCore.Storage.ExecutionStrategy.ExecuteImplementationAsync[TState,TResult](Func`4 operation, Func`4 verifySucceeded, TState state, CancellationToken cancellationToken)
   at Microsoft.EntityFrameworkCore.Storage.ExecutionStrategy.ExecuteImplementationAsync[TState,TResult](Func`4 operation, Func`4 verifySucceeded, TState state, CancellationToken cancellationToken)
   at Microsoft.EntityFrameworkCore.ChangeTracking.Internal.StateManager.SaveChangesAsync(IList`1 entriesToSave, CancellationToken cancellationToken)
   at Microsoft.EntityFrameworkCore.ChangeTracking.Internal.StateManager.SaveChangesAsync(Boolean acceptAllChangesOnSuccess, CancellationToken cancellationToken)
   at Microsoft.EntityFrameworkCore.DbContext.SaveChangesAsync(Boolean acceptAllChangesOnSuccess, CancellationToken cancellationToken)
Microsoft.EntityFrameworkCore.DbUpdateException: An error occurred while updating the entries. See the inner exception for details.
 ---> Npgsql.PostgresException (0x80004005): 23503: insert or update on table "Pictures" violates foreign key constraint "FK_Pictures_Zones_ZoneId"
   at Npgsql.NpgsqlConnector.<>c__DisplayClass160_0.<<DoReadMessage>g__ReadMessageLong|0>d.MoveNext()
--- End of stack trace from previous location where exception was thrown ---
   at Npgsql.NpgsqlConnector.<>c__DisplayClass160_0.<<DoReadMessage>g__ReadMessageLong|0>d.MoveNext()
--- End of stack trace from previous location where exception was thrown ---
   at Npgsql.NpgsqlDataReader.NextResult(Boolean async, Boolean isConsuming)
   at Npgsql.NpgsqlCommand.ExecuteReaderAsync(CommandBehavior behavior, Boolean async, CancellationToken cancellationToken)
   at Npgsql.NpgsqlCommand.ExecuteDbDataReaderAsync(CommandBehavior behavior, CancellationToken cancellationToken)
   at Microsoft.EntityFrameworkCore.Storage.RelationalCommand.ExecuteReaderAsync(RelationalCommandParameterObject parameterObject, CancellationToken cancellationToken)
   at Microsoft.EntityFrameworkCore.Storage.RelationalCommand.ExecuteReaderAsync(RelationalCommandParameterObject parameterObject, CancellationToken cancellationToken)
   at Microsoft.EntityFrameworkCore.Storage.RelationalCommand.ExecuteReaderAsync(RelationalCommandParameterObject parameterObject, CancellationToken cancellationToken)
   at Microsoft.EntityFrameworkCore.Update.ReaderModificationCommandBatch.ExecuteAsync(IRelationalConnection connection, CancellationToken cancellationToken)
  Exception data:
    Severity: ERROR
    SqlState: 23503
    MessageText: insert or update on table "Pictures" violates foreign key constraint "FK_Pictures_Zones_ZoneId"
    Detail: Key (ZoneId)=(1) is not present in table "Zones".
    SchemaName: public
    TableName: Pictures
    ConstraintName: FK_Pictures_Zones_ZoneId
    File: ri_triggers.c
    Line: 3266
    Routine: ri_ReportViolation
   --- End of inner exception stack trace ---
   at Microsoft.EntityFrameworkCore.Update.ReaderModificationCommandBatch.ExecuteAsync(IRelationalConnection connection, CancellationToken cancellationToken)
   at Microsoft.EntityFrameworkCore.Update.Internal.BatchExecutor.ExecuteAsync(DbContext _, ValueTuple`2 parameters, CancellationToken cancellationToken)
   at Microsoft.EntityFrameworkCore.Update.Internal.BatchExecutor.ExecuteAsync(DbContext _, ValueTuple`2 parameters, CancellationToken cancellationToken)
   at Microsoft.EntityFrameworkCore.Storage.ExecutionStrategy.ExecuteImplementationAsync[TState,TResult](Func`4 operation, Func`4 verifySucceeded, TState state, CancellationToken cancellationToken)
   at Microsoft.EntityFrameworkCore.Storage.ExecutionStrategy.ExecuteImplementationAsync[TState,TResult](Func`4 operation, Func`4 verifySucceeded, TState state, CancellationToken cancellationToken)
   at Microsoft.EntityFrameworkCore.ChangeTracking.Internal.StateManager.SaveChangesAsync(IList`1 entriesToSave, CancellationToken cancellationToken)
   at Microsoft.EntityFrameworkCore.ChangeTracking.Internal.StateManager.SaveChangesAsync(Boolean acceptAllChangesOnSuccess, CancellationToken cancellationToken)
   at Microsoft.EntityFrameworkCore.DbContext.SaveChangesAsync(Boolean acceptAllChangesOnSuccess, CancellationToken cancellationToken)
2019-10-18 14:19:09.178 +05:30 [INF] Configuring web host (AFFHA.API)...
2019-10-18 14:19:09.997 +05:30 [INF] Applying migrations (AFFHA.API)...
2019-10-18 14:19:11.355 +05:30 [INF] Starting web host (AFFHA.API)...
2019-10-18 14:19:11.672 +05:30 [WRN] Failed to determine the https port for redirect.
2019-10-18 14:21:45.492 +05:30 [INF] ----- Sending command: PicturesRequest
2019-10-18 14:22:12.535 +05:30 [ERR] Failed executing DbCommand (7,879ms) [Parameters=[@p0='?' (DbType = Binary), @p1='?' (DbType = DateTimeOffset), @p2='?', @p3='?' (DbType = DateTimeOffset), @p4='?', @p5='?', @p6='?' (DbType = Int32), @p7='?' (DbType = Binary), @p8='?' (DbType = DateTimeOffset), @p9='?', @p10='?' (DbType = DateTimeOffset), @p11='?', @p12='?', @p13='?' (DbType = Int32)], CommandType='"Text"', CommandTimeout='30']
INSERT INTO "Pictures" ("BinaryData", "CreatedAt", "CreatedBy", "ModifiedAt", "ModifiedBy", "Name", "ZoneId")
VALUES (@p0, @p1, @p2, @p3, @p4, @p5, @p6)
RETURNING "Id";
INSERT INTO "Pictures" ("BinaryData", "CreatedAt", "CreatedBy", "ModifiedAt", "ModifiedBy", "Name", "ZoneId")
VALUES (@p7, @p8, @p9, @p10, @p11, @p12, @p13)
RETURNING "Id";
2019-10-18 14:22:12.596 +05:30 [ERR] An exception occurred in the database while saving changes for context type 'AFFHA.Infrastructure.AFFHADbContext'.
Microsoft.EntityFrameworkCore.DbUpdateException: An error occurred while updating the entries. See the inner exception for details.
 ---> Npgsql.PostgresException (0x80004005): 23503: insert or update on table "Pictures" violates foreign key constraint "FK_Pictures_Zones_ZoneId"
   at Npgsql.NpgsqlConnector.<>c__DisplayClass160_0.<<DoReadMessage>g__ReadMessageLong|0>d.MoveNext()
--- End of stack trace from previous location where exception was thrown ---
   at Npgsql.NpgsqlConnector.<>c__DisplayClass160_0.<<DoReadMessage>g__ReadMessageLong|0>d.MoveNext()
--- End of stack trace from previous location where exception was thrown ---
   at Npgsql.NpgsqlDataReader.NextResult(Boolean async, Boolean isConsuming)
   at Npgsql.NpgsqlCommand.ExecuteReaderAsync(CommandBehavior behavior, Boolean async, CancellationToken cancellationToken)
   at Npgsql.NpgsqlCommand.ExecuteDbDataReaderAsync(CommandBehavior behavior, CancellationToken cancellationToken)
   at Microsoft.EntityFrameworkCore.Storage.RelationalCommand.ExecuteReaderAsync(RelationalCommandParameterObject parameterObject, CancellationToken cancellationToken)
   at Microsoft.EntityFrameworkCore.Storage.RelationalCommand.ExecuteReaderAsync(RelationalCommandParameterObject parameterObject, CancellationToken cancellationToken)
   at Microsoft.EntityFrameworkCore.Storage.RelationalCommand.ExecuteReaderAsync(RelationalCommandParameterObject parameterObject, CancellationToken cancellationToken)
   at Microsoft.EntityFrameworkCore.Update.ReaderModificationCommandBatch.ExecuteAsync(IRelationalConnection connection, CancellationToken cancellationToken)
  Exception data:
    Severity: ERROR
    SqlState: 23503
    MessageText: insert or update on table "Pictures" violates foreign key constraint "FK_Pictures_Zones_ZoneId"
    Detail: Key (ZoneId)=(1) is not present in table "Zones".
    SchemaName: public
    TableName: Pictures
    ConstraintName: FK_Pictures_Zones_ZoneId
    File: ri_triggers.c
    Line: 3266
    Routine: ri_ReportViolation
   --- End of inner exception stack trace ---
   at Microsoft.EntityFrameworkCore.Update.ReaderModificationCommandBatch.ExecuteAsync(IRelationalConnection connection, CancellationToken cancellationToken)
   at Microsoft.EntityFrameworkCore.Update.Internal.BatchExecutor.ExecuteAsync(DbContext _, ValueTuple`2 parameters, CancellationToken cancellationToken)
   at Microsoft.EntityFrameworkCore.Update.Internal.BatchExecutor.ExecuteAsync(DbContext _, ValueTuple`2 parameters, CancellationToken cancellationToken)
   at Microsoft.EntityFrameworkCore.Storage.ExecutionStrategy.ExecuteImplementationAsync[TState,TResult](Func`4 operation, Func`4 verifySucceeded, TState state, CancellationToken cancellationToken)
   at Microsoft.EntityFrameworkCore.Storage.ExecutionStrategy.ExecuteImplementationAsync[TState,TResult](Func`4 operation, Func`4 verifySucceeded, TState state, CancellationToken cancellationToken)
   at Microsoft.EntityFrameworkCore.ChangeTracking.Internal.StateManager.SaveChangesAsync(IList`1 entriesToSave, CancellationToken cancellationToken)
   at Microsoft.EntityFrameworkCore.ChangeTracking.Internal.StateManager.SaveChangesAsync(Boolean acceptAllChangesOnSuccess, CancellationToken cancellationToken)
   at Microsoft.EntityFrameworkCore.DbContext.SaveChangesAsync(Boolean acceptAllChangesOnSuccess, CancellationToken cancellationToken)
Microsoft.EntityFrameworkCore.DbUpdateException: An error occurred while updating the entries. See the inner exception for details.
 ---> Npgsql.PostgresException (0x80004005): 23503: insert or update on table "Pictures" violates foreign key constraint "FK_Pictures_Zones_ZoneId"
   at Npgsql.NpgsqlConnector.<>c__DisplayClass160_0.<<DoReadMessage>g__ReadMessageLong|0>d.MoveNext()
--- End of stack trace from previous location where exception was thrown ---
   at Npgsql.NpgsqlConnector.<>c__DisplayClass160_0.<<DoReadMessage>g__ReadMessageLong|0>d.MoveNext()
--- End of stack trace from previous location where exception was thrown ---
   at Npgsql.NpgsqlDataReader.NextResult(Boolean async, Boolean isConsuming)
   at Npgsql.NpgsqlCommand.ExecuteReaderAsync(CommandBehavior behavior, Boolean async, CancellationToken cancellationToken)
   at Npgsql.NpgsqlCommand.ExecuteDbDataReaderAsync(CommandBehavior behavior, CancellationToken cancellationToken)
   at Microsoft.EntityFrameworkCore.Storage.RelationalCommand.ExecuteReaderAsync(RelationalCommandParameterObject parameterObject, CancellationToken cancellationToken)
   at Microsoft.EntityFrameworkCore.Storage.RelationalCommand.ExecuteReaderAsync(RelationalCommandParameterObject parameterObject, CancellationToken cancellationToken)
   at Microsoft.EntityFrameworkCore.Storage.RelationalCommand.ExecuteReaderAsync(RelationalCommandParameterObject parameterObject, CancellationToken cancellationToken)
   at Microsoft.EntityFrameworkCore.Update.ReaderModificationCommandBatch.ExecuteAsync(IRelationalConnection connection, CancellationToken cancellationToken)
  Exception data:
    Severity: ERROR
    SqlState: 23503
    MessageText: insert or update on table "Pictures" violates foreign key constraint "FK_Pictures_Zones_ZoneId"
    Detail: Key (ZoneId)=(1) is not present in table "Zones".
    SchemaName: public
    TableName: Pictures
    ConstraintName: FK_Pictures_Zones_ZoneId
    File: ri_triggers.c
    Line: 3266
    Routine: ri_ReportViolation
   --- End of inner exception stack trace ---
   at Microsoft.EntityFrameworkCore.Update.ReaderModificationCommandBatch.ExecuteAsync(IRelationalConnection connection, CancellationToken cancellationToken)
   at Microsoft.EntityFrameworkCore.Update.Internal.BatchExecutor.ExecuteAsync(DbContext _, ValueTuple`2 parameters, CancellationToken cancellationToken)
   at Microsoft.EntityFrameworkCore.Update.Internal.BatchExecutor.ExecuteAsync(DbContext _, ValueTuple`2 parameters, CancellationToken cancellationToken)
   at Microsoft.EntityFrameworkCore.Storage.ExecutionStrategy.ExecuteImplementationAsync[TState,TResult](Func`4 operation, Func`4 verifySucceeded, TState state, CancellationToken cancellationToken)
   at Microsoft.EntityFrameworkCore.Storage.ExecutionStrategy.ExecuteImplementationAsync[TState,TResult](Func`4 operation, Func`4 verifySucceeded, TState state, CancellationToken cancellationToken)
   at Microsoft.EntityFrameworkCore.ChangeTracking.Internal.StateManager.SaveChangesAsync(IList`1 entriesToSave, CancellationToken cancellationToken)
   at Microsoft.EntityFrameworkCore.ChangeTracking.Internal.StateManager.SaveChangesAsync(Boolean acceptAllChangesOnSuccess, CancellationToken cancellationToken)
   at Microsoft.EntityFrameworkCore.DbContext.SaveChangesAsync(Boolean acceptAllChangesOnSuccess, CancellationToken cancellationToken)
2019-10-18 14:23:55.243 +05:30 [INF] Configuring web host (AFFHA.API)...
2019-10-18 14:23:56.020 +05:30 [INF] Applying migrations (AFFHA.API)...
2019-10-18 14:23:57.422 +05:30 [INF] Starting web host (AFFHA.API)...
2019-10-18 14:23:57.751 +05:30 [WRN] Failed to determine the https port for redirect.
2019-10-18 14:23:59.389 +05:30 [INF] ----- Sending command: PicturesRequest
2019-10-18 14:24:02.856 +05:30 [ERR] Failed executing DbCommand (26ms) [Parameters=[@p0='?' (DbType = Binary), @p1='?' (DbType = DateTimeOffset), @p2='?', @p3='?' (DbType = DateTimeOffset), @p4='?', @p5='?', @p6='?' (DbType = Int32), @p7='?' (DbType = Binary), @p8='?' (DbType = DateTimeOffset), @p9='?', @p10='?' (DbType = DateTimeOffset), @p11='?', @p12='?', @p13='?' (DbType = Int32)], CommandType='"Text"', CommandTimeout='30']
INSERT INTO "Pictures" ("BinaryData", "CreatedAt", "CreatedBy", "ModifiedAt", "ModifiedBy", "Name", "ZoneId")
VALUES (@p0, @p1, @p2, @p3, @p4, @p5, @p6)
RETURNING "Id";
INSERT INTO "Pictures" ("BinaryData", "CreatedAt", "CreatedBy", "ModifiedAt", "ModifiedBy", "Name", "ZoneId")
VALUES (@p7, @p8, @p9, @p10, @p11, @p12, @p13)
RETURNING "Id";
2019-10-18 14:24:02.925 +05:30 [ERR] An exception occurred in the database while saving changes for context type 'AFFHA.Infrastructure.AFFHADbContext'.
Microsoft.EntityFrameworkCore.DbUpdateException: An error occurred while updating the entries. See the inner exception for details.
 ---> Npgsql.PostgresException (0x80004005): 23503: insert or update on table "Pictures" violates foreign key constraint "FK_Pictures_Zones_ZoneId"
   at Npgsql.NpgsqlConnector.<>c__DisplayClass160_0.<<DoReadMessage>g__ReadMessageLong|0>d.MoveNext()
--- End of stack trace from previous location where exception was thrown ---
   at Npgsql.NpgsqlConnector.<>c__DisplayClass160_0.<<DoReadMessage>g__ReadMessageLong|0>d.MoveNext()
--- End of stack trace from previous location where exception was thrown ---
   at Npgsql.NpgsqlDataReader.NextResult(Boolean async, Boolean isConsuming)
   at Npgsql.NpgsqlCommand.ExecuteReaderAsync(CommandBehavior behavior, Boolean async, CancellationToken cancellationToken)
   at Npgsql.NpgsqlCommand.ExecuteDbDataReaderAsync(CommandBehavior behavior, CancellationToken cancellationToken)
   at Microsoft.EntityFrameworkCore.Storage.RelationalCommand.ExecuteReaderAsync(RelationalCommandParameterObject parameterObject, CancellationToken cancellationToken)
   at Microsoft.EntityFrameworkCore.Storage.RelationalCommand.ExecuteReaderAsync(RelationalCommandParameterObject parameterObject, CancellationToken cancellationToken)
   at Microsoft.EntityFrameworkCore.Storage.RelationalCommand.ExecuteReaderAsync(RelationalCommandParameterObject parameterObject, CancellationToken cancellationToken)
   at Microsoft.EntityFrameworkCore.Update.ReaderModificationCommandBatch.ExecuteAsync(IRelationalConnection connection, CancellationToken cancellationToken)
  Exception data:
    Severity: ERROR
    SqlState: 23503
    MessageText: insert or update on table "Pictures" violates foreign key constraint "FK_Pictures_Zones_ZoneId"
    Detail: Key (ZoneId)=(1) is not present in table "Zones".
    SchemaName: public
    TableName: Pictures
    ConstraintName: FK_Pictures_Zones_ZoneId
    File: ri_triggers.c
    Line: 3266
    Routine: ri_ReportViolation
   --- End of inner exception stack trace ---
   at Microsoft.EntityFrameworkCore.Update.ReaderModificationCommandBatch.ExecuteAsync(IRelationalConnection connection, CancellationToken cancellationToken)
   at Microsoft.EntityFrameworkCore.Update.Internal.BatchExecutor.ExecuteAsync(DbContext _, ValueTuple`2 parameters, CancellationToken cancellationToken)
   at Microsoft.EntityFrameworkCore.Update.Internal.BatchExecutor.ExecuteAsync(DbContext _, ValueTuple`2 parameters, CancellationToken cancellationToken)
   at Microsoft.EntityFrameworkCore.Storage.ExecutionStrategy.ExecuteImplementationAsync[TState,TResult](Func`4 operation, Func`4 verifySucceeded, TState state, CancellationToken cancellationToken)
   at Microsoft.EntityFrameworkCore.Storage.ExecutionStrategy.ExecuteImplementationAsync[TState,TResult](Func`4 operation, Func`4 verifySucceeded, TState state, CancellationToken cancellationToken)
   at Microsoft.EntityFrameworkCore.ChangeTracking.Internal.StateManager.SaveChangesAsync(IList`1 entriesToSave, CancellationToken cancellationToken)
   at Microsoft.EntityFrameworkCore.ChangeTracking.Internal.StateManager.SaveChangesAsync(Boolean acceptAllChangesOnSuccess, CancellationToken cancellationToken)
   at Microsoft.EntityFrameworkCore.DbContext.SaveChangesAsync(Boolean acceptAllChangesOnSuccess, CancellationToken cancellationToken)
Microsoft.EntityFrameworkCore.DbUpdateException: An error occurred while updating the entries. See the inner exception for details.
 ---> Npgsql.PostgresException (0x80004005): 23503: insert or update on table "Pictures" violates foreign key constraint "FK_Pictures_Zones_ZoneId"
   at Npgsql.NpgsqlConnector.<>c__DisplayClass160_0.<<DoReadMessage>g__ReadMessageLong|0>d.MoveNext()
--- End of stack trace from previous location where exception was thrown ---
   at Npgsql.NpgsqlConnector.<>c__DisplayClass160_0.<<DoReadMessage>g__ReadMessageLong|0>d.MoveNext()
--- End of stack trace from previous location where exception was thrown ---
   at Npgsql.NpgsqlDataReader.NextResult(Boolean async, Boolean isConsuming)
   at Npgsql.NpgsqlCommand.ExecuteReaderAsync(CommandBehavior behavior, Boolean async, CancellationToken cancellationToken)
   at Npgsql.NpgsqlCommand.ExecuteDbDataReaderAsync(CommandBehavior behavior, CancellationToken cancellationToken)
   at Microsoft.EntityFrameworkCore.Storage.RelationalCommand.ExecuteReaderAsync(RelationalCommandParameterObject parameterObject, CancellationToken cancellationToken)
   at Microsoft.EntityFrameworkCore.Storage.RelationalCommand.ExecuteReaderAsync(RelationalCommandParameterObject parameterObject, CancellationToken cancellationToken)
   at Microsoft.EntityFrameworkCore.Storage.RelationalCommand.ExecuteReaderAsync(RelationalCommandParameterObject parameterObject, CancellationToken cancellationToken)
   at Microsoft.EntityFrameworkCore.Update.ReaderModificationCommandBatch.ExecuteAsync(IRelationalConnection connection, CancellationToken cancellationToken)
  Exception data:
    Severity: ERROR
    SqlState: 23503
    MessageText: insert or update on table "Pictures" violates foreign key constraint "FK_Pictures_Zones_ZoneId"
    Detail: Key (ZoneId)=(1) is not present in table "Zones".
    SchemaName: public
    TableName: Pictures
    ConstraintName: FK_Pictures_Zones_ZoneId
    File: ri_triggers.c
    Line: 3266
    Routine: ri_ReportViolation
   --- End of inner exception stack trace ---
   at Microsoft.EntityFrameworkCore.Update.ReaderModificationCommandBatch.ExecuteAsync(IRelationalConnection connection, CancellationToken cancellationToken)
   at Microsoft.EntityFrameworkCore.Update.Internal.BatchExecutor.ExecuteAsync(DbContext _, ValueTuple`2 parameters, CancellationToken cancellationToken)
   at Microsoft.EntityFrameworkCore.Update.Internal.BatchExecutor.ExecuteAsync(DbContext _, ValueTuple`2 parameters, CancellationToken cancellationToken)
   at Microsoft.EntityFrameworkCore.Storage.ExecutionStrategy.ExecuteImplementationAsync[TState,TResult](Func`4 operation, Func`4 verifySucceeded, TState state, CancellationToken cancellationToken)
   at Microsoft.EntityFrameworkCore.Storage.ExecutionStrategy.ExecuteImplementationAsync[TState,TResult](Func`4 operation, Func`4 verifySucceeded, TState state, CancellationToken cancellationToken)
   at Microsoft.EntityFrameworkCore.ChangeTracking.Internal.StateManager.SaveChangesAsync(IList`1 entriesToSave, CancellationToken cancellationToken)
   at Microsoft.EntityFrameworkCore.ChangeTracking.Internal.StateManager.SaveChangesAsync(Boolean acceptAllChangesOnSuccess, CancellationToken cancellationToken)
   at Microsoft.EntityFrameworkCore.DbContext.SaveChangesAsync(Boolean acceptAllChangesOnSuccess, CancellationToken cancellationToken)
2019-10-18 14:24:23.114 +05:30 [INF] Configuring web host (AFFHA.API)...
2019-10-18 14:24:23.837 +05:30 [INF] Applying migrations (AFFHA.API)...
2019-10-18 14:24:25.137 +05:30 [INF] Starting web host (AFFHA.API)...
2019-10-18 14:24:25.453 +05:30 [WRN] Failed to determine the https port for redirect.
2019-10-18 14:24:52.944 +05:30 [INF] ----- Sending command: ZoneCreateRequest
2019-10-18 14:25:20.492 +05:30 [INF] ----- Sending command: PicturesRequest
2019-10-18 17:16:39.846 +05:30 [INF] Configuring web host (AFFHA.API)...
2019-10-18 17:16:40.520 +05:30 [INF] Applying migrations (AFFHA.API)...
2019-10-18 17:16:41.948 +05:30 [INF] Starting web host (AFFHA.API)...
2019-10-18 17:16:42.256 +05:30 [WRN] Failed to determine the https port for redirect.
2019-10-18 17:17:24.108 +05:30 [INF] ----- Sending command: ZonesGetAllRequest
2019-10-18 17:20:10.502 +05:30 [INF] Configuring web host (AFFHA.API)...
2019-10-18 17:20:11.225 +05:30 [INF] Applying migrations (AFFHA.API)...
2019-10-18 17:20:12.478 +05:30 [INF] Starting web host (AFFHA.API)...
2019-10-18 17:20:12.811 +05:30 [WRN] Failed to determine the https port for redirect.
2019-10-18 17:20:30.321 +05:30 [INF] ----- Sending command: ZonesGetRequest
2019-10-18 17:25:16.458 +05:30 [INF] Configuring web host (AFFHA.API)...
2019-10-18 17:25:17.206 +05:30 [INF] Applying migrations (AFFHA.API)...
2019-10-18 17:25:18.468 +05:30 [INF] Starting web host (AFFHA.API)...
2019-10-18 17:25:18.766 +05:30 [WRN] Failed to determine the https port for redirect.
2019-10-18 17:26:32.077 +05:30 [INF] ----- Sending command: PictureCreateRequest
2019-10-18 17:27:26.344 +05:30 [INF] ----- Sending command: ZonesGetRequest
2019-10-18 17:33:07.868 +05:30 [INF] ----- Sending command: PictureCreateRequest
2019-10-18 17:36:14.713 +05:30 [INF] ----- Sending command: ZonesGetRequest
