2019-10-16 16:30:53.507 +05:30 [INF] Configuring web host (AFFHA.API)...
2019-10-16 16:30:57.165 +05:30 [INF] Applying migrations (AFFHA.API)...
2019-10-16 16:31:03.228 +05:30 [WRN] Exception NullReferenceException with message Object reference not set to an instance of an object. detected on creating or migrating database
System.NullReferenceException: Object reference not set to an instance of an object.
   at AFFHA.Infrastructure.AFFHADbContext.AddTrackingInformation() in C:\Sanni PC\OB\HuntingAPI\Boilerplate\AFFHA.API\AFFHA.Infrastructure\AFFHADbContext.cs:line 48
   at AFFHA.Infrastructure.AFFHADbContext.OnBeforeSaving() in C:\Sanni PC\OB\HuntingAPI\Boilerplate\AFFHA.API\AFFHA.Infrastructure\AFFHADbContext.cs:line 109
   at AFFHA.Infrastructure.AFFHADbContext.SaveChangesAsync(Boolean acceptAllChangesOnSuccess, CancellationToken cancellationToken) in C:\Sanni PC\OB\HuntingAPI\Boilerplate\AFFHA.API\AFFHA.Infrastructure\AFFHADbContext.cs:line 102
   at Microsoft.EntityFrameworkCore.DbContext.SaveChangesAsync(CancellationToken cancellationToken)
   at AFFHA.API.Infrastructure.DatabaseSeed.AFFHADatabaseSeed.SeedAsync(AFFHADbContext context, IOptions`1 settings, ILogger`1 logger) in C:\Sanni PC\OB\HuntingAPI\Boilerplate\AFFHA.API\AFFHA.API\Infrastructure\DatabaseSeed\AFFHADatabaseSeed.cs:line 33
2019-10-16 16:31:03.405 +05:30 [FTL] An error occurred while seeding the database
System.AggregateException: One or more errors occurred. (Object reference not set to an instance of an object.)
 ---> System.NullReferenceException: Object reference not set to an instance of an object.
   at AFFHA.API.Infrastructure.DatabaseSeed.AFFHADatabaseSeed.SeedAsync(AFFHADbContext context, IOptions`1 settings, ILogger`1 logger) in C:\Sanni PC\OB\HuntingAPI\Boilerplate\AFFHA.API\AFFHA.API\Infrastructure\DatabaseSeed\AFFHADatabaseSeed.cs:line 38
   --- End of inner exception stack trace ---
   at System.Threading.Tasks.Task.ThrowIfExceptional(Boolean includeTaskCanceledExceptions)
   at System.Threading.Tasks.Task.Wait(Int32 millisecondsTimeout, CancellationToken cancellationToken)
   at System.Threading.Tasks.Task.Wait()
   at AFFHA.API.Program.Main(String[] args) in C:\Sanni PC\OB\HuntingAPI\Boilerplate\AFFHA.API\AFFHA.API\Program.cs:line 46
2019-10-16 16:31:03.409 +05:30 [INF] Starting web host (AFFHA.API)...
2019-10-16 17:22:12.838 +05:30 [INF] Configuring web host (AFFHA.API)...
2019-10-16 17:22:14.325 +05:30 [INF] Applying migrations (AFFHA.API)...
2019-10-16 17:22:17.367 +05:30 [WRN] Exception NullReferenceException with message Object reference not set to an instance of an object. detected on creating or migrating database
System.NullReferenceException: Object reference not set to an instance of an object.
   at AFFHA.Infrastructure.AFFHADbContext.AddTrackingInformation() in C:\Sanni PC\OB\HuntingAPI\Boilerplate\AFFHA.API\AFFHA.Infrastructure\AFFHADbContext.cs:line 48
   at AFFHA.Infrastructure.AFFHADbContext.OnBeforeSaving() in C:\Sanni PC\OB\HuntingAPI\Boilerplate\AFFHA.API\AFFHA.Infrastructure\AFFHADbContext.cs:line 109
   at AFFHA.Infrastructure.AFFHADbContext.SaveChangesAsync(Boolean acceptAllChangesOnSuccess, CancellationToken cancellationToken) in C:\Sanni PC\OB\HuntingAPI\Boilerplate\AFFHA.API\AFFHA.Infrastructure\AFFHADbContext.cs:line 102
   at Microsoft.EntityFrameworkCore.DbContext.SaveChangesAsync(CancellationToken cancellationToken)
   at AFFHA.API.Infrastructure.DatabaseSeed.AFFHADatabaseSeed.SeedAsync(AFFHADbContext context, IOptions`1 settings, ILogger`1 logger) in C:\Sanni PC\OB\HuntingAPI\Boilerplate\AFFHA.API\AFFHA.API\Infrastructure\DatabaseSeed\AFFHADatabaseSeed.cs:line 33
2019-10-16 17:22:17.519 +05:30 [FTL] An error occurred while seeding the database
System.AggregateException: One or more errors occurred. (Object reference not set to an instance of an object.)
 ---> System.NullReferenceException: Object reference not set to an instance of an object.
   at AFFHA.API.Infrastructure.DatabaseSeed.AFFHADatabaseSeed.SeedAsync(AFFHADbContext context, IOptions`1 settings, ILogger`1 logger) in C:\Sanni PC\OB\HuntingAPI\Boilerplate\AFFHA.API\AFFHA.API\Infrastructure\DatabaseSeed\AFFHADatabaseSeed.cs:line 38
   --- End of inner exception stack trace ---
   at System.Threading.Tasks.Task.ThrowIfExceptional(Boolean includeTaskCanceledExceptions)
   at System.Threading.Tasks.Task.Wait(Int32 millisecondsTimeout, CancellationToken cancellationToken)
   at System.Threading.Tasks.Task.Wait()
   at AFFHA.API.Program.Main(String[] args) in C:\Sanni PC\OB\HuntingAPI\Boilerplate\AFFHA.API\AFFHA.API\Program.cs:line 46
2019-10-16 17:22:17.522 +05:30 [INF] Starting web host (AFFHA.API)...
2019-10-16 17:22:19.136 +05:30 [ERR] An unhandled exception has occurred while executing the request.
System.NotSupportedException: Ambiguous HTTP method for action - AFFHA.API.Controllers.ZonesController.CreateZone (AFFHA.API). Actions require an explicit HttpMethod binding for Swagger 2.0
   at Swashbuckle.AspNetCore.SwaggerGen.SwaggerGenerator.GenerateOperations(IEnumerable`1 apiDescriptions, SchemaRepository schemaRepository)
   at Swashbuckle.AspNetCore.SwaggerGen.SwaggerGenerator.GeneratePaths(IEnumerable`1 apiDescriptions, SchemaRepository schemaRepository)
   at Swashbuckle.AspNetCore.SwaggerGen.SwaggerGenerator.GetSwagger(String documentName, String host, String basePath)
   at Swashbuckle.AspNetCore.Swagger.SwaggerMiddleware.Invoke(HttpContext httpContext, ISwaggerProvider swaggerProvider)
   at Microsoft.AspNetCore.Session.SessionMiddleware.Invoke(HttpContext context)
   at Microsoft.AspNetCore.Session.SessionMiddleware.Invoke(HttpContext context)
   at Microsoft.AspNetCore.Authorization.AuthorizationMiddleware.Invoke(HttpContext context)
   at Microsoft.AspNetCore.Authentication.AuthenticationMiddleware.Invoke(HttpContext context)
   at Microsoft.AspNetCore.Diagnostics.DeveloperExceptionPageMiddleware.Invoke(HttpContext context)
2019-10-16 17:23:19.962 +05:30 [INF] Configuring web host (AFFHA.API)...
2019-10-16 17:23:21.512 +05:30 [INF] Applying migrations (AFFHA.API)...
2019-10-16 17:23:24.388 +05:30 [WRN] Exception NullReferenceException with message Object reference not set to an instance of an object. detected on creating or migrating database
System.NullReferenceException: Object reference not set to an instance of an object.
   at AFFHA.Infrastructure.AFFHADbContext.AddTrackingInformation() in C:\Sanni PC\OB\HuntingAPI\Boilerplate\AFFHA.API\AFFHA.Infrastructure\AFFHADbContext.cs:line 48
   at AFFHA.Infrastructure.AFFHADbContext.OnBeforeSaving() in C:\Sanni PC\OB\HuntingAPI\Boilerplate\AFFHA.API\AFFHA.Infrastructure\AFFHADbContext.cs:line 109
   at AFFHA.Infrastructure.AFFHADbContext.SaveChangesAsync(Boolean acceptAllChangesOnSuccess, CancellationToken cancellationToken) in C:\Sanni PC\OB\HuntingAPI\Boilerplate\AFFHA.API\AFFHA.Infrastructure\AFFHADbContext.cs:line 102
   at Microsoft.EntityFrameworkCore.DbContext.SaveChangesAsync(CancellationToken cancellationToken)
   at AFFHA.API.Infrastructure.DatabaseSeed.AFFHADatabaseSeed.SeedAsync(AFFHADbContext context, IOptions`1 settings, ILogger`1 logger) in C:\Sanni PC\OB\HuntingAPI\Boilerplate\AFFHA.API\AFFHA.API\Infrastructure\DatabaseSeed\AFFHADatabaseSeed.cs:line 33
2019-10-16 17:23:24.513 +05:30 [FTL] An error occurred while seeding the database
System.AggregateException: One or more errors occurred. (Object reference not set to an instance of an object.)
 ---> System.NullReferenceException: Object reference not set to an instance of an object.
   at AFFHA.API.Infrastructure.DatabaseSeed.AFFHADatabaseSeed.SeedAsync(AFFHADbContext context, IOptions`1 settings, ILogger`1 logger) in C:\Sanni PC\OB\HuntingAPI\Boilerplate\AFFHA.API\AFFHA.API\Infrastructure\DatabaseSeed\AFFHADatabaseSeed.cs:line 38
   --- End of inner exception stack trace ---
   at System.Threading.Tasks.Task.ThrowIfExceptional(Boolean includeTaskCanceledExceptions)
   at System.Threading.Tasks.Task.Wait(Int32 millisecondsTimeout, CancellationToken cancellationToken)
   at System.Threading.Tasks.Task.Wait()
   at AFFHA.API.Program.Main(String[] args) in C:\Sanni PC\OB\HuntingAPI\Boilerplate\AFFHA.API\AFFHA.API\Program.cs:line 46
2019-10-16 17:23:24.515 +05:30 [INF] Starting web host (AFFHA.API)...
2019-10-16 17:23:51.473 +05:30 [INF] ----- Sending command: ZoneCreateRequest
2019-10-16 17:24:57.335 +05:30 [INF] Configuring web host (AFFHA.API)...
2019-10-16 17:24:58.875 +05:30 [INF] Applying migrations (AFFHA.API)...
2019-10-16 17:25:01.886 +05:30 [WRN] Exception NullReferenceException with message Object reference not set to an instance of an object. detected on creating or migrating database
System.NullReferenceException: Object reference not set to an instance of an object.
   at AFFHA.Infrastructure.AFFHADbContext.AddTrackingInformation() in C:\Sanni PC\OB\HuntingAPI\Boilerplate\AFFHA.API\AFFHA.Infrastructure\AFFHADbContext.cs:line 48
   at AFFHA.Infrastructure.AFFHADbContext.OnBeforeSaving() in C:\Sanni PC\OB\HuntingAPI\Boilerplate\AFFHA.API\AFFHA.Infrastructure\AFFHADbContext.cs:line 109
   at AFFHA.Infrastructure.AFFHADbContext.SaveChangesAsync(Boolean acceptAllChangesOnSuccess, CancellationToken cancellationToken) in C:\Sanni PC\OB\HuntingAPI\Boilerplate\AFFHA.API\AFFHA.Infrastructure\AFFHADbContext.cs:line 102
   at Microsoft.EntityFrameworkCore.DbContext.SaveChangesAsync(CancellationToken cancellationToken)
   at AFFHA.API.Infrastructure.DatabaseSeed.AFFHADatabaseSeed.SeedAsync(AFFHADbContext context, IOptions`1 settings, ILogger`1 logger) in C:\Sanni PC\OB\HuntingAPI\Boilerplate\AFFHA.API\AFFHA.API\Infrastructure\DatabaseSeed\AFFHADatabaseSeed.cs:line 33
2019-10-16 17:25:02.029 +05:30 [FTL] An error occurred while seeding the database
System.AggregateException: One or more errors occurred. (Object reference not set to an instance of an object.)
 ---> System.NullReferenceException: Object reference not set to an instance of an object.
   at AFFHA.API.Infrastructure.DatabaseSeed.AFFHADatabaseSeed.SeedAsync(AFFHADbContext context, IOptions`1 settings, ILogger`1 logger) in C:\Sanni PC\OB\HuntingAPI\Boilerplate\AFFHA.API\AFFHA.API\Infrastructure\DatabaseSeed\AFFHADatabaseSeed.cs:line 38
   --- End of inner exception stack trace ---
   at System.Threading.Tasks.Task.ThrowIfExceptional(Boolean includeTaskCanceledExceptions)
   at System.Threading.Tasks.Task.Wait(Int32 millisecondsTimeout, CancellationToken cancellationToken)
   at System.Threading.Tasks.Task.Wait()
   at AFFHA.API.Program.Main(String[] args) in C:\Sanni PC\OB\HuntingAPI\Boilerplate\AFFHA.API\AFFHA.API\Program.cs:line 46
2019-10-16 17:25:02.031 +05:30 [INF] Starting web host (AFFHA.API)...
2019-10-16 17:25:24.564 +05:30 [INF] ----- Sending command: ZoneCreateRequest
2019-10-16 17:27:32.041 +05:30 [INF] ----- Sending command: ZoneCreateRequest
2019-10-16 17:28:10.811 +05:30 [INF] ----- Sending command: ZoneCreateRequest
2019-10-16 17:31:57.902 +05:30 [INF] ----- Sending command: ZoneCreateRequest
2019-10-16 17:51:19.614 +05:30 [INF] Configuring web host (AFFHA.API)...
2019-10-16 17:51:21.563 +05:30 [INF] Applying migrations (AFFHA.API)...
2019-10-16 17:51:32.022 +05:30 [WRN] Exception NullReferenceException with message Object reference not set to an instance of an object. detected on creating or migrating database
System.NullReferenceException: Object reference not set to an instance of an object.
   at AFFHA.Infrastructure.AFFHADbContext.AddTrackingInformation() in C:\Sanni PC\OB\HuntingAPI\Boilerplate\AFFHA.API\AFFHA.Infrastructure\AFFHADbContext.cs:line 48
   at AFFHA.Infrastructure.AFFHADbContext.OnBeforeSaving() in C:\Sanni PC\OB\HuntingAPI\Boilerplate\AFFHA.API\AFFHA.Infrastructure\AFFHADbContext.cs:line 107
   at AFFHA.Infrastructure.AFFHADbContext.SaveChangesAsync(Boolean acceptAllChangesOnSuccess, CancellationToken cancellationToken) in C:\Sanni PC\OB\HuntingAPI\Boilerplate\AFFHA.API\AFFHA.Infrastructure\AFFHADbContext.cs:line 94
   at Microsoft.EntityFrameworkCore.DbContext.SaveChangesAsync(CancellationToken cancellationToken)
   at AFFHA.API.Infrastructure.DatabaseSeed.AFFHADatabaseSeed.SeedAsync(AFFHADbContext context, IOptions`1 settings, ILogger`1 logger) in C:\Sanni PC\OB\HuntingAPI\Boilerplate\AFFHA.API\AFFHA.API\Infrastructure\DatabaseSeed\AFFHADatabaseSeed.cs:line 33
2019-10-16 17:51:32.101 +05:30 [FTL] An error occurred while seeding the database
System.AggregateException: One or more errors occurred. (Object reference not set to an instance of an object.)
 ---> System.NullReferenceException: Object reference not set to an instance of an object.
   at AFFHA.API.Infrastructure.DatabaseSeed.AFFHADatabaseSeed.SeedAsync(AFFHADbContext context, IOptions`1 settings, ILogger`1 logger) in C:\Sanni PC\OB\HuntingAPI\Boilerplate\AFFHA.API\AFFHA.API\Infrastructure\DatabaseSeed\AFFHADatabaseSeed.cs:line 38
   --- End of inner exception stack trace ---
   at System.Threading.Tasks.Task.ThrowIfExceptional(Boolean includeTaskCanceledExceptions)
   at System.Threading.Tasks.Task.Wait(Int32 millisecondsTimeout, CancellationToken cancellationToken)
   at System.Threading.Tasks.Task.Wait()
   at AFFHA.API.Program.Main(String[] args) in C:\Sanni PC\OB\HuntingAPI\Boilerplate\AFFHA.API\AFFHA.API\Program.cs:line 46
2019-10-16 17:51:32.102 +05:30 [INF] Starting web host (AFFHA.API)...
2019-10-16 17:51:52.582 +05:30 [INF] ----- Sending command: ZoneCreateRequest
2019-10-16 17:52:03.718 +05:30 [INF] ----- Sending command: ZoneCreateRequest
2019-10-16 18:06:27.831 +05:30 [INF] Configuring web host (AFFHA.API)...
2019-10-16 18:06:28.671 +05:30 [INF] Applying migrations (AFFHA.API)...
2019-10-16 18:06:33.989 +05:30 [INF] Starting web host (AFFHA.API)...
2019-10-16 18:06:58.900 +05:30 [INF] ----- Sending command: ZoneCreateRequest
